Change Component Designator: OldDesignator=C1 NewDesignator=C?
Change Component Designator: OldDesignator=C2 NewDesignator=C?
Change Component Designator: OldDesignator=C3 NewDesignator=C?
Change Component Designator: OldDesignator=C4 NewDesignator=C?
Change Component Designator: OldDesignator=C5 NewDesignator=C?
Change Component Designator: OldDesignator=C6 NewDesignator=C?
Change Component Designator: OldDesignator=DK1 NewDesignator=DK?
Change Component Designator: OldDesignator=I1 NewDesignator=I?
Change Component Designator: OldDesignator=I2 NewDesignator=I?
Change Component Designator: OldDesignator=R1 NewDesignator=R?
Change Component Designator: OldDesignator=R2 NewDesignator=R?
Change Component Designator: OldDesignator=R3 NewDesignator=R?
Added Component: Designator=*(ARK connector footprint)
Added Component: Designator=*(ARK connector footprint)
Added Pin To Net: NetName=3V3 Pin=*-1
Added Pin To Net: NetName=+12 Pin=*-1
Added Pin To Net: NetName=GND Pin=*-2
Added Pin To Net: NetName=GND Pin=*-2
Change Net Name : Old Net Name=+12 New Net Name=12V
Change Class Name : Old Net Name=Sheet New Net Name=hexapod_board_schematics
Added Member To Class: ClassName=hexapod_board_schematics Member=Component * ARK connector 5mm
Added Member To Class: ClassName=hexapod_board_schematics Member=Component * ARK connector 5mm
Added Member To Class: ClassName=hexapod_board_schematics Member=Component C? MOLEX 22-03-5035
Added Member To Class: ClassName=hexapod_board_schematics Member=Component C? MOLEX 22-03-5035
Added Member To Class: ClassName=hexapod_board_schematics Member=Component C? MOLEX 22-03-5035
Added Member To Class: ClassName=hexapod_board_schematics Member=Component C? MOLEX 22-03-5035
Added Member To Class: ClassName=hexapod_board_schematics Member=Component C? MOLEX 22-03-5035
Added Member To Class: ClassName=hexapod_board_schematics Member=Component I? 74LVC125A
Added Member To Class: ClassName=hexapod_board_schematics Member=Component R? 10k
Added Member To Class: ClassName=hexapod_board_schematics Member=Component R? 10k
