Change Component Designator: OldDesignator=C1 NewDesignator=C?
Change Component Designator: OldDesignator=C2 NewDesignator=C?
Change Component Designator: OldDesignator=C3 NewDesignator=C?
Change Component Designator: OldDesignator=C4 NewDesignator=C?
Change Component Designator: OldDesignator=C5 NewDesignator=C?
Change Component Designator: OldDesignator=C6 NewDesignator=C?
Change Component Designator: OldDesignator=DK1 NewDesignator=DK?
Change Component Designator: OldDesignator=I1 NewDesignator=I?
Change Component Designator: OldDesignator=I2 NewDesignator=I?
Change Component Designator: OldDesignator=R1 NewDesignator=R?
Change Component Designator: OldDesignator=R2 NewDesignator=R?
Change Component Designator: OldDesignator=R3 NewDesignator=R?
Added Pin To Net: NetName=+3V3 Pin=DK?-2
Added Pin To Net: NetName=GND Pin=DK?-22
Added Pin To Net: NetName=GND Pin=DK?-23
Added Pin To Net: NetName=GND Pin=DK?-24
Added Member To Class: ClassName=Sheet Member=Component C? MOLEX 22-03-5035
Added Member To Class: ClassName=Sheet Member=Component C? MOLEX 22-03-5035
Added Member To Class: ClassName=Sheet Member=Component C? MOLEX 22-03-5035
Added Member To Class: ClassName=Sheet Member=Component C? MOLEX 22-03-5035
Added Member To Class: ClassName=Sheet Member=Component C? MOLEX 22-03-5035
Added Member To Class: ClassName=Sheet Member=Component I? 74LVC125A
Added Member To Class: ClassName=Sheet Member=Component R? 10k
Added Member To Class: ClassName=Sheet Member=Component R? 10k
